Microsoft Help Compiler clone (HC) v1.00
Projet: MULTI.HPJ
-----------------------------------------
Compilation du projet : MULTI.HPJ
Lecture du projet MULTI.HPJ...
  Section [OPTIONS]
  Section [FILES]
  Section [MAP]
  Section [ALIAS]
  Section [CONFIG]
Projet lu: 2 fichier(s), 4 map(s).
Scan des fichiers source...
Scan: PART1.RTF
  302 octets, topics cumules: 2
Scan: PART2.RTF
  169 octets, topics cumules: 3
Verification de la table de mappage...
HC W1301: Contexte [MAP] introuvable: IDH_MISSING
Generation du fichier .HLP: MULTI.HLP
Compression |TOPIC : 534 -> 239 octets (44%)
Fichier .HLP ecrit: 1530 octets.

Topics: 3  Map: 4  Bytes RTF: 471  Bytes HLP: 1530
Temps:    0.01 s
-----------------------------------------
Erreurs: 0  Avertissements: 1
